********************************************************************************
DUPLICATOR-LITE PACKAGE-LOG: September 18, 2018 3:56 pm
NOTICE: Do NOT post to public sites or forums 
********************************************************************************
VERSION:	1.2.44
WORDPRESS:	4.9.8
PHP INFO:	7.2.4 | SAPI: apache2handler
SERVER:		Apache/2.4.33 (Win32) OpenSSL/1.1.0g PHP/7.2.4 
PHP TIME LIMIT: (0) no time limit imposed 
PHP MAX MEMORY: 2048M (128M default) 
MEMORY STACK: 18MB 

********************************************************************************
DATABASE:
********************************************************************************
BUILD MODE:   MYSQLDUMP
MYSQLTIMEOUT: 5000
MYSQLDUMP:    Is Supported 
FILTERED: [] 
RESPONSE: Ran from C:/xampp/mysql/bin/mysqldump.exe 
TABLES: total:14 | filtered:0 | create:14 
SQL CREATED: 20180918_laesquina_36dd8d7e1e11b8847213180918155649_database.sql 
SQL FILE SIZE: 8.2MB (8602305) 
SQL FILE TIME: 2018-09-18 15:56:57 
SQL RUNTIME: 0.99 sec. 

******************************************************************************** 
ARCHIVE (ZIP): 
******************************************************************************** 
ARCHIVE DIR:  C:/xampp/htdocs/la-esquina2 
ARCHIVE FILE: 20180918_laesquina_36dd8d7e1e11b8847213180918155649_archive.zip 
FILTERS: *OFF* 
DIRS:
	not set 
FILES:
	not set 
EXTS:  not set 
---------------------------------------- 
COMPRESSING 
SIZE:	111.6MB 
STATS:	Dirs 810 | Files 3,146 
SQL ADDED: 20180918_laesquina_36dd8d7e1e11b8847213180918155649_database.sql 
ZipArchive Object
(
    [status] => 0
    [statusSys] => 0
    [numFiles] => 3956
    [filename] => C:\xampp\htdocs\la-esquina2\wp-snapshots\tmp\20180918_laesquina_36dd8d7e1e11b8847213180918155649_archive.zip
    [comment] => 
)
 
COMPRESSION RESULT: '1' 
COMPRESSED SIZE: 72.96MB 
ARCHIVE RUNTIME: 22.03 sec. 
MEMORY STACK: 18MB 

******************************************************************************** 
MAKE INSTALLER: 
******************************************************************************** 
Build Start 
Build Finished 
Preping for use 
PACK SIZE:  
Template parsed with new data 
Complete [C:/xampp/htdocs/la-esquina2/wp-snapshots/tmp/20180918_laesquina_36dd8d7e1e11b8847213180918155649_installer.php] 
Added to archive 

******************************************************************************** 
INTEGRITY CHECKS: 
******************************************************************************** 
SQL File: 8.2MB 
Installer File: 472.84KB 
Archive File: 72.96MB  

********************************************************************************
RECORD ID:[1]
TOTAL PROCESS RUNTIME: 23.75 sec.
PEAK PHP MEMORY USED: 20MB
DONE PROCESSING => 20180918_laesquina September 18, 2018 3:57 pm
 
